error: open(".rbenv/versions/2.5.0/lib/ruby/gems/2.5.0/gems/nokogiri-1.8.1/ports/archives/libxml2-2.9.5.tar.gz"): Permission denied
error: unable to index file .rbenv/versions/2.5.0/lib/ruby/gems/2.5.0/gems/nokogiri-1.8.1/ports/archives/libxml2-2.9.5.tar.gz
fatal: adding files failed
error: src refspec master does not match any.
error: failed to push some refs to 'origin'
  [1] "On branch master"                                     
  [2] ""                                                     
  [3] "Initial commit"                                       
  [4] ""                                                     
  [5] "Untracked files:"                                     
  [6] "\t.CFUserTextEncoding"                                
  [7] "\t.GoPanda2/"                                         
  [8] "\t.JASP/"                                             
  [9] "\t.JGREditorprefsrc"                                  
 [10] "\t.JGRprefsrc"                                        
 [11] "\t.R/"                                                
 [12] "\t.RapidMiner/"                                       
 [13] "\t.RapidMiner5/"                                      
 [14] "\t.Rapp.history"                                      
 [15] "\t.Rcache/"                                           
 [16] "\t.Renviron"                                          
 [17] "\t.Rprofile"                                          
 [18] "\t.Seagate/"                                          
 [19] "\t.Trash/"                                            
 [20] "\t.Xauthority"                                        
 [21] "\t.adobe/"                                            
 [22] "\t.anaconda/"                                         
 [23] "\t.astropy/"                                          
 [24] "\t.atom/"                                             
 [25] "\t.bash_history"                                      
 [26] "\t.bash_profile"                                      
 [27] "\t.bash_profile-anaconda.bak"                         
 [28] "\t.bash_profile-anaconda3.bak"                        
 [29] "\t.bash_profile.macports-saved_2018-01-02_at_21:25:42"
 [30] "\t.bash_sessions/"                                    
 [31] "\t.bashrc"                                            
 [32] "\t.bundle/"                                           
 [33] "\t.cache/"                                            
 [34] "\t.citespace/"                                        
 [35] "\t.conda/"                                            
 [36] "\t.condarc"                                           
 [37] "\t.config/"                                           
 [38] "\t.copasi/"                                           
 [39] "\t.cups/"                                             
 [40] "\t.dbus-keyrings/"                                    
 [41] "\t.docker/"                                           
 [42] "\t.dropbox/"                                          
 [43] "\t.dtt/"                                              
 [44] "\t.fontconfig/"                                       
 [45] "\t.gem/"                                              
 [46] "\t.gitbook/"                                          
 [47] "\t.gitconfig"                                         
 [48] "\t.gitignore"                                         
 [49] "\t.glue/"                                             
 [50] "\t.internet_chess_club/"                              
 [51] "\t.ipynb_checkpoints/"                                
 [52] "\t.ipython/"                                          
 [53] "\t.jhbuildrc"                                         
 [54] "\t.jhbuildrc-cfw-10.4"                                
 [55] "\t.jhbuildrc-cfw-10.4u"                               
 [56] "\t.jhbuildrc-custom"                                  
 [57] "\t.jhbuildrc-fw-10.4"                                 
 [58] "\t.jhbuildrc-fw-10.4-test"                            
 [59] "\t.jupyter/"                                          
 [60] "\t.kindle/"                                           
 [61] "\t.local/"                                            
 [62] "\t.login"                                             
 [63] "\t.mailcap"                                           
 [64] "\t.matplotlib/"                                       
 [65] "\t.mime.types"                                        
 [66] "\t.nSolver4/"                                         
 [67] "\t.npm/"                                              
 [68] "\t.octave_hist"                                       
 [69] "\t.oracle_jre_usage/"                                 
 [70] "\t.pgadmin/"                                          
 [71] "\t.plotly/"                                           
 [72] "\t.profile"                                           
 [73] "\t.pylint.d/"                                         
 [74] "\t.python_history"                                    
 [75] "\t.razorsql/"                                         
 [76] "\t.rbenv/"                                            
 [77] "\t.revman5/"                                          
 [78] "\t.rkward/"                                           
 [79] "\t.rnd"                                               
 [80] "\t.rs/"                                               
 [81] "\t.rstudio-desktop/"                                  
 [82] "\t.rtweet_token.rds"                                  
 [83] "\t.rtweet_token1.rds"                                 
 [84] "\t.scidvspc/"                                         
 [85] "\t.serverauth.10805"                                  
 [86] "\t.serverauth.1627"                                   
 [87] "\t.serverauth.3520"                                   
 [88] "\t.serverauth.551"                                    
 [89] "\t.serverauth.763"                                    
 [90] "\t.spyder-py3/"                                       
 [91] "\t.sqlanywhere12/"                                    
 [92] "\t.ssh/"                                              
 [93] "\t.subversion/"                                       
 [94] "\t.uki/"                                              
 [95] "\t.viminfo"                                           
 [96] "\t.vscode/"                                           
 [97] "\t.xdvirc"                                            
 [98] "\t.yarnrc"                                            
 [99] "\tAT.postflight.75568"                                
[100] "\tApplications/"                                      
[101] "\tDTTexceptions.txt"                                  
[102] "\tDataCamp.py"                                        
[103] "\tDataCamp.sql"                                       
[104] "\tDataIncubatorChallange/"                            
[105] "\tDataIncubatorChallange2/"                           
[106] "\tDataMiningFox"                                      
[107] "\t\"DataSet1 kopyas\\304\\261.sav\""                  
[108] "\tDataSet1.sav"                                       
[109] "\tDesktop/"                                           
[110] "\tDocuments/"                                         
[111] "\tDownloads/"                                         
[112] "\tDriveAutoScriptOutput/"                             
[113] "\tDropbox/"                                           
[114] "\tEDT256.R"                                           
[115] "\tGABAHip.R"                                          
[116] "\tGitBook/"                                           
[117] "\tGoogle Drive/"                                      
[118] "\tIBM_SPSS_Statistics_20_InstallLog.log"              
[119] "\tICPN Consensus Draft/"                              
[120] "\tLTP.py"                                             
[121] "\tLesson-05/"                                         
[122] "\tLesson-06/"                                         
[123] "\tLesson-07/"                                         
[124] "\tLesson-08/"                                         
[125] "\tLibrary/"                                           
[126] "\tMDL307 - Data.xlsx"                                 
[127] "\t\"Masa\\303\\274st\\303\\274 armas\\304\\261\""     
[128] "\tMovies/"                                            
[129] "\tMusic/"                                             
[130] "\tNGS_publications_per_journal.txt"                   
[131] "\tNGS_publications_per_year.txt"                      
[132] "\tPancreasTCGA/"                                      
[133] "\tPhysician_Compare/"                                 
[134] "\tPictures/"                                          
[135] "\tPlayOnMac's virtual drives"                         
[136] "\tPycharmProjects/"                                   
[137] "\tQuPath/"                                            
[138] "\tR-3.5.1.pkg"                                        
[139] "\tR-Program-Env-1-2.R"                                
[140] "\tR-Program-Env-1-swirl-9.R"                          
[141] "\tR-for-SAS-and-SPSS-Users-Files-1st-Edition/"        
[142] "\tR-for-SAS-and-SPSS-Users-Files-2nd-Edition/"        
[143] "\tR-for-Stata_Users-Files-1st-Edition/"               
[144] "\tRCourseraClass/"                                    
[145] "\tRMarkdown_bookdown.Rmd"                             
[146] "\tRMarkdown_bookdown.html"                            
[147] "\tRepTemplates/"                                      
[148] "\tRevMan tutorial/"                                   
[149] "\tRforDataScience.R"                                  
[150] "\tRprof.out"                                          
[151] "\tSites/"                                             
[152] "\tSource/"                                            
[153] "\tStatisticalInference1-swirl.R"                      
[154] "\tStatisticalInference1.R"                            
[155] "\tStuffIt/"                                           
[156] "\tSurvivalAnalysis.R"                                 
[157] "\tSurvivalAnalysisR.R"                                
[158] "\tSyntax1.sps"                                        
[159] "\tUntitled-1.R"                                       
[160] "\tUntitled-figure/"                                   
[161] "\tUntitled.Rhtml"                                     
[162] "\tUntitled.Rmd"                                       
[163] "\tUntitled.Rpres"                                     
[164] "\tUntitled.html"                                      
[165] "\tUntitled.ipynb"                                     
[166] "\tUntitled.md"                                        
[167] "\tUntitled.nb.html"                                   
[168] "\tUntitled.txt"                                       
[169] "\tUntitled1.ipynb"                                    
[170] "\tUntitled11.Rmd"                                     
[171] "\tUntitled11.nb.html"                                 
[172] "\tUntitled2.R"                                        
[173] "\tUntitled2.ipynb"                                    
[174] "\tUntitled3.ipynb"                                    
[175] "\tUntitled4.ipynb"                                    
[176] "\tUntitled5.ipynb"                                    
[177] "\tUntitled6.ipynb"                                    
[178] "\tVOSdenemeDOI.txt"                                   
[179] "\tVirtualBox VMs/"                                    
[180] "\ta.txt"                                              
[181] "\tampulla-multivariate/"                              
[182] "\tauthors.txt"                                        
[183] "\tbin/"                                               
[184] "\tcards.R"                                            
[185] "\tchicago.rds"                                        
[186] "\tcitespace/"                                         
[187] "\tclinicaltrials.txt"                                 
[188] "\tclt_and_t-distribution.Rmd"                         
[189] "\tcmv/"                                               
[190] "\tdashtutorial/"                                      
[191] "\tdata.r"                                             
[192] "\tdata/"                                              
[193] "\tdeneme.Rmd"                                         
[194] "\tdeneme.csv"                                         
[195] "\tdeneme.html"                                        
[196] "\tdenemeampulla.por"                                  
[197] "\tdiet_data.zip"                                      
[198] "\tdiet_data/"                                         
[199] "\tduplication.r"                                      
[200] "\tedirect/"                                           
[201] "\tfemaleControlsPopulation.csv"                       
[202] "\tfemaleMiceWeights.csv"                              
[203] "\tgrid.r"                                             
[204] "\tharvard1.R"                                         
[205] "\thighr.html"                                         
[206] "\thighr.txt"                                          
[207] "\thistory.Rhistory"                                   
[208] "\tipek-smear/"                                        
[209] "\tkesitsayisi/"                                       
[210] "\tknime-workspace/"                                   
[211] "\tlayers.r"                                           
[212] "\tmakenames.R"                                        
[213] "\tmastery.r"                                          
[214] "\tmdl258-new/"                                        
[215] "\tmyquery.txt"                                        
[216] "\tneeded_packages.RData"                              
[217] "\tnltk_data/"                                         
[218] "\tnotebook-mod2.r"                                    
[219] "\tnotebook.ipynb"                                     
[220] "\torange3-text/"                                      
[221] "\tpackagelist.csv"                                    
[222] "\tpackagelist.txt"                                    
[223] "\tpart1-2.txt"                                        
[224] "\tperiodic-table-data.csv"                            
[225] "\tpmids.csv"                                          
[226] "\tpolishing.r"                                        
[227] "\tposition.r"                                         
[228] "\tpreperationFiles/"                                  
[229] "\tpubmed_abstracts.txt"                               
[230] "\tpubmed_abstracts.zip"                               
[231] "\tpubmed_medline.txt"                                 
[232] "\tpubmed_medline.zip"                                 
[233] "\tpubmed_result.txt"                                  
[234] "\tqplot.r"                                            
[235] "\treadonly/"                                          
[236] "\trenamed.xlsx"                                       
[237] "\trodeo.log"                                          
[238] "\trubyinstaller/"                                     
[239] "\tscales.r"                                           
[240] "\tsearchstring.txt"                                   
[241] "\tserdar-balci-scholar.html"                          
[242] "\tshiny-deneme.R"                                     
[243] "\tspecialname.csv"                                    
[244] "\tsyntax.txt"                                         
[245] "\tsyntax.txt.sps"                                     
[246] "\tsyntax2.txt"                                        
[247] "\ttangram.R"                                          
[248] "\ttangram1.html"                                      
[249] "\ttangram_lancet.html"                                
[250] "\ttangram_nejm.html"                                  
[251] "\ttanigr_ECC.xlsx"                                    
[252] "\ttanigr_EndoservikalKuretaj.xlsx"                    
[253] "\ttestfile.txt"                                       
[254] "\tthe-grammar.r"                                      
[255] "\tthesaurus_authors.txt"                              
[256] "\ttmp-jhbuild-revision"                               
[257] "\ttoolbox.r"                                          
[258] "\ttrifacta/"                                          
[259] "\turbanpop.xlsx"                                      
[260] "\tuser/"                                              
[261] "\twine_local.RData"                                   
[262] "\tzika.xml"                                           
[263] ""                                                     
[264] "nothing added to commit but untracked files present"  
attr(,"status")
[1] 1
Warning message:
In system(command = gitCommand, intern = TRUE) : 'cd /Users/serdarbalciold 
 git add . 
 git commit --message 'updated on 2018-07-21 20:30:01' 
 git push origin master 
' komutunu calistirirken 1 durumu olustu
